Using pre-set license

 COMMAND LINE ARGUMENTS:
/Applications/Unity/Hub/Editor/2020.2.4f1/Unity.app/Contents/MacOS/Unity
-adb2
-batchMode
-noUpm
-name
AssetImportWorker0
-projectPath
/Users/JuanHernandez/Documents/GitHub/Glitch-Garden
-logFile
Logs/AssetImportWorker0.log
-srvPort
57551
Successfully changed project path to: /Users/JuanHernandez/Documents/GitHub/Glitch-Garden
/Users/JuanHernandez/Documents/GitHub/Glitch-Garden
Using Asset Import Pipeline V2.
Refreshing native plugins compatible for Editor in 37.94 ms, found 1 plugins.
Preloading 0 native plugins for Editor in 0.00 ms.
Initialize engine version: 2020.2.4f1 (becced5a802b)
[Subsystems] Discovering subsystems at path /Applications/Unity/Hub/Editor/2020.2.4f1/Unity.app/Contents/Resources/UnitySubsystems
[Subsystems] Discovering subsystems at path /Users/JuanHernandez/Documents/GitHub/Glitch-Garden/Assets
GfxDevice: creating device client; threaded=0
2021-02-18 23:05:56.051 Unity[73494:2090668] Color LCD preferred device: Intel Iris Pro Graphics (low power)
2021-02-18 23:05:56.051 Unity[73494:2090668] Metal devices available: 2
2021-02-18 23:05:56.051 Unity[73494:2090668] 0: NVIDIA GeForce GT 750M (high power)
2021-02-18 23:05:56.051 Unity[73494:2090668] 1: Intel Iris Pro Graphics (low power)
2021-02-18 23:05:56.051 Unity[73494:2090668] Using device NVIDIA GeForce GT 750M (high power)
Initializing Metal device caps: NVIDIA GeForce GT 750M
Initialize mono
Mono path[0] = '/Applications/Unity/Hub/Editor/2020.2.4f1/Unity.app/Contents/Managed'
Mono path[1] = '/Applications/Unity/Hub/Editor/2020.2.4f1/Unity.app/Contents/MonoBleedingEdge/lib/mono/unityjit'
Mono config path = '/Applications/Unity/Hub/Editor/2020.2.4f1/Unity.app/Contents/MonoBleedingEdge/etc'
Using monoOptions --debugger-agent=transport=dt_socket,embedding=1,server=y,suspend=n,address=127.0.0.1:56494
Begin MonoManager ReloadAssembly
Registering precompiled unity dll's ...
Register platform support module: /Applications/Unity/Hub/Editor/2020.2.4f1/Unity.app/Contents/PlaybackEngines/MacStandaloneSupport/UnityEditor.OSXStandalone.Extensions.dll
Registered in 0.000594 seconds.
Native extension for OSXStandalone target not found
Refreshing native plugins compatible for Editor in 36.17 ms, found 1 plugins.
Preloading 0 native plugins for Editor in 0.00 ms.
Invoked RoslynAnalysisRunner static constructor.
RoslynAnalysisRunner will not be running.
RoslynAnalysisRunner has terminated.
Mono: successfully reloaded assembly
- Completed reload, in  2.097 seconds
Platform modules already initialized, skipping
Registering precompiled user dll's ...
Registered in 0.001741 seconds.
Begin MonoManager ReloadAssembly
Native extension for OSXStandalone target not found
Refreshing native plugins compatible for Editor in 0.48 ms, found 1 plugins.
Preloading 0 native plugins for Editor in 0.00 ms.
Invoked RoslynAnalysisRunner static constructor.
RoslynAnalysisRunner will not be running.
RoslynAnalysisRunner has terminated.
Mono: successfully reloaded assembly
- Completed reload, in  1.085 seconds
Platform modules already initialized, skipping
========================================================================
Worker process is ready to serve import requests
Launching external process: /Applications/Unity/Hub/Editor/2020.2.4f1/Unity.app/Contents/Tools/UnityShaderCompiler
Launched and connected shader compiler UnityShaderCompiler after 0.01 seconds
Refreshing native plugins compatible for Editor in 0.50 ms, found 1 plugins.
Preloading 0 native plugins for Editor in 0.00 ms.
Unloading 1535 Unused Serialized files (Serialized files now loaded: 0)
System memory in use before: 125.2 MB.
System memory in use after: 125.3 MB.

Unloading 37 unused Assets to reduce memory usage. Loaded Objects now: 1959.
Total: 2.711721 ms (FindLiveObjects: 0.291377 ms CreateObjectMapping: 0.076223 ms MarkObjects: 2.249798 ms  DeleteObjects: 0.092778 ms)

========================================================================
Received Import Request.
  path: Assets/Scenes/01b Options.unity
  artifactKey: Guid(894eea552940c574d9210a78d24958f7) Importer(815301076,1909f56bfc062723c751e8b465ee728b)
Start importing Assets/Scenes/01b Options.unity using Guid(894eea552940c574d9210a78d24958f7) Importer(815301076,1909f56bfc062723c751e8b465ee728b)  -> (artifact id: 'ca77957cdd4cfa1b0c0b9db6117cd22c') in 0.012163 seconds
  Import took 0.015758 seconds .

========================================================================
Received Import Request.
  Time since last request: 0.000230 seconds.
  path: Assets/Scenes/01a Start.unity
  artifactKey: Guid(8fbbff7ba7a7c5343ac664b74761adac) Importer(815301076,1909f56bfc062723c751e8b465ee728b)
Start importing Assets/Scenes/01a Start.unity using Guid(8fbbff7ba7a7c5343ac664b74761adac) Importer(815301076,1909f56bfc062723c751e8b465ee728b)  -> (artifact id: 'b1d3ec66a64237a9b4982a2d35aec276') in 0.001309 seconds
  Import took 0.003364 seconds .

========================================================================
Received Import Request.
  Time since last request: 1433.313240 seconds.
  path: Assets/Scripts/StartVolume.cs
  artifactKey: Guid(dc5debd8eed7c254a807ace9e1580f4b) Importer(815301076,1909f56bfc062723c751e8b465ee728b)
Start importing Assets/Scripts/StartVolume.cs using Guid(dc5debd8eed7c254a807ace9e1580f4b) Importer(815301076,1909f56bfc062723c751e8b465ee728b)  -> (artifact id: '6ca49ecb26957d2bcd1476744aa21a7b') in 3.257134 seconds
  Import took 3.260224 seconds .

========================================================================
Received Import Request.
  Time since last request: 71.763222 seconds.
  path: Assets/Scripts/OptionsController.cs
  artifactKey: Guid(3f4d648b8c52d884db9650263191f66f) Importer(815301076,1909f56bfc062723c751e8b465ee728b)
Start importing Assets/Scripts/OptionsController.cs using Guid(3f4d648b8c52d884db9650263191f66f) Importer(815301076,1909f56bfc062723c751e8b465ee728b)  -> (artifact id: '7fa080829f8573819dae115ebef9c397') in 0.004378 seconds
  Import took 0.007234 seconds .

========================================================================
Received Import Request.
  Time since last request: 19.222328 seconds.
  path: Assets/Scripts/PlayerPrefsManager.cs
  artifactKey: Guid(1d2ccd12dccfc03468719da6edc9b11a) Importer(815301076,1909f56bfc062723c751e8b465ee728b)
Start importing Assets/Scripts/PlayerPrefsManager.cs using Guid(1d2ccd12dccfc03468719da6edc9b11a) Importer(815301076,1909f56bfc062723c751e8b465ee728b)  -> (artifact id: '1dcaa02ad7fb7cd4930ceb7a72dfa7ff') in 0.004340 seconds
  Import took 0.007019 seconds .

========================================================================
Received Import Request.
  Time since last request: 155.575951 seconds.
  path: Assets/Scripts/MusicManager.cs
  artifactKey: Guid(d0dd83b04fc0ef3458defcae3a6f6a36) Importer(815301076,1909f56bfc062723c751e8b465ee728b)
Start importing Assets/Scripts/MusicManager.cs using Guid(d0dd83b04fc0ef3458defcae3a6f6a36) Importer(815301076,1909f56bfc062723c751e8b465ee728b)  -> (artifact id: 'd70812045accca6efabbd976a7e50dac') in 0.004207 seconds
  Import took 0.007216 seconds .

